
/home/falcon_donovan_gmail_com/mercasawebnode/node_modules/mysql/lib/protocol/Parser.js:82
        throw err;
              ^
Error: ER_TABLE_EXISTS_ERROR: Table 'producto' already exists
    at Query.Sequence._packetToError (/home/falcon_donovan_gmail_com/mercasawebnode/node_modules/mysql/lib/protocol/sequences/Sequence.js:48:14)
    at Query.ErrorPacket (/home/falcon_donovan_gmail_com/mercasawebnode/node_modules/mysql/lib/protocol/sequences/Query.js:82:18)
    at Protocol._parsePacket (/home/falcon_donovan_gmail_com/mercasawebnode/node_modules/mysql/lib/protocol/Protocol.js:271:23)
    at Parser.write (/home/falcon_donovan_gmail_com/mercasawebnode/node_modules/mysql/lib/protocol/Parser.js:77:12)
    at Protocol.write (/home/falcon_donovan_gmail_com/mercasawebnode/node_modules/mysql/lib/protocol/Protocol.js:39:16)
    at Socket.<anonymous> (/home/falcon_donovan_gmail_com/mercasawebnode/node_modules/mysql/lib/Connection.js:82:28)
    at Socket.EventEmitter.emit (events.js:95:17)
    at Socket.<anonymous> (_stream_readable.js:746:14)
    at Socket.EventEmitter.emit (events.js:92:17)
    at emitReadable_ (_stream_readable.js:408:10)
    --------------------
    at Protocol._enqueue (/home/falcon_donovan_gmail_com/mercasawebnode/node_modules/mysql/lib/protocol/Protocol.js:135:48)
    at Connection.query (/home/falcon_donovan_gmail_com/mercasawebnode/node_modules/mysql/lib/Connection.js:185:25)
    at runQueryIni (/home/falcon_donovan_gmail_com/mercasawebnode/custom_modules/database.js:45:16)
    at DB.createTables (/home/falcon_donovan_gmail_com/mercasawebnode/custom_modules/database.js:103:4)
    at Object.<anonymous> (/home/falcon_donovan_gmail_com/mercasawebnode/app.js:16:4)
    at Module._compile (module.js:456:26)
    at Object.Module._extensions..js (module.js:474:10)
    at Module.load (module.js:356:32)
    at Function.Module._load (module.js:312:12)
    at Module.require (module.js:364:17)

/home/falcon_donovan_gmail_com/mercasawebnode/node_modules/mysql/lib/protocol/Parser.js:82
        throw err;
              ^
Error: ER_TABLE_EXISTS_ERROR: Table 'producto' already exists
    at Query.Sequence._packetToError (/home/falcon_donovan_gmail_com/mercasawebnode/node_modules/mysql/lib/protocol/sequences/Sequence.js:48:14)
    at Query.ErrorPacket (/home/falcon_donovan_gmail_com/mercasawebnode/node_modules/mysql/lib/protocol/sequences/Query.js:82:18)
    at Protocol._parsePacket (/home/falcon_donovan_gmail_com/mercasawebnode/node_modules/mysql/lib/protocol/Protocol.js:271:23)
    at Parser.write (/home/falcon_donovan_gmail_com/mercasawebnode/node_modules/mysql/lib/protocol/Parser.js:77:12)
    at Protocol.write (/home/falcon_donovan_gmail_com/mercasawebnode/node_modules/mysql/lib/protocol/Protocol.js:39:16)
    at Socket.<anonymous> (/home/falcon_donovan_gmail_com/mercasawebnode/node_modules/mysql/lib/Connection.js:82:28)
    at Socket.EventEmitter.emit (events.js:95:17)
    at Socket.<anonymous> (_stream_readable.js:746:14)
    at Socket.EventEmitter.emit (events.js:92:17)
    at emitReadable_ (_stream_readable.js:408:10)
    --------------------
    at Protocol._enqueue (/home/falcon_donovan_gmail_com/mercasawebnode/node_modules/mysql/lib/protocol/Protocol.js:135:48)
    at Connection.query (/home/falcon_donovan_gmail_com/mercasawebnode/node_modules/mysql/lib/Connection.js:185:25)
    at runQueryIni (/home/falcon_donovan_gmail_com/mercasawebnode/custom_modules/database.js:45:16)
    at DB.createTables (/home/falcon_donovan_gmail_com/mercasawebnode/custom_modules/database.js:103:4)
    at Object.<anonymous> (/home/falcon_donovan_gmail_com/mercasawebnode/app.js:16:4)
    at Module._compile (module.js:456:26)
    at Object.Module._extensions..js (module.js:474:10)
    at Module.load (module.js:356:32)
    at Function.Module._load (module.js:312:12)
    at Module.require (module.js:364:17)
[]
Warning: missing space before text for line 36 of jade file "/home/falcon_donovan_gmail_com/mercasawebnode/views/layout.jade"
Warning: missing space before text for line 38 of jade file "/home/falcon_donovan_gmail_com/mercasawebnode/views/layout.jade"
[0mGET / [36m304 [0m307.425 ms - -[0m
[0mGET /stylesheets/bootstrap.min.css [36m304 [0m3.356 ms - -[0m
[0mGET /stylesheets/mercasa_nav.css [36m304 [0m1.345 ms - -[0m
Warning: missing space before text for line 36 of jade file "/home/falcon_donovan_gmail_com/mercasawebnode/views/layout.jade"
Warning: missing space before text for line 38 of jade file "/home/falcon_donovan_gmail_com/mercasawebnode/views/layout.jade"
[0mGET /js/bootstrap.min.js [33m404 [0m41.138 ms - 2628[0m
[]
Warning: missing space before text for line 36 of jade file "/home/falcon_donovan_gmail_com/mercasawebnode/views/layout.jade"
Warning: missing space before text for line 38 of jade file "/home/falcon_donovan_gmail_com/mercasawebnode/views/layout.jade"
[0mGET / [36m304 [0m312.281 ms - -[0m
[0mGET /stylesheets/bootstrap.min.css [36m304 [0m3.354 ms - -[0m
[0mGET /stylesheets/mercasa_nav.css [36m304 [0m1.225 ms - -[0m
Warning: missing space before text for line 36 of jade file "/home/falcon_donovan_gmail_com/mercasawebnode/views/layout.jade"
Warning: missing space before text for line 38 of jade file "/home/falcon_donovan_gmail_com/mercasawebnode/views/layout.jade"
[0mGET /js/bootstrap.min.js [33m404 [0m39.347 ms - 2628[0m
[]
Warning: missing space before text for line 36 of jade file "/home/falcon_donovan_gmail_com/mercasawebnode/views/layout.jade"
Warning: missing space before text for line 38 of jade file "/home/falcon_donovan_gmail_com/mercasawebnode/views/layout.jade"
[0mGET / [36m304 [0m70.045 ms - -[0m
[0mGET /stylesheets/bootstrap.min.css [36m304 [0m1.217 ms - -[0m
[0mGET /stylesheets/mercasa_nav.css [36m304 [0m1.036 ms - -[0m
Warning: missing space before text for line 36 of jade file "/home/falcon_donovan_gmail_com/mercasawebnode/views/layout.jade"
Warning: missing space before text for line 38 of jade file "/home/falcon_donovan_gmail_com/mercasawebnode/views/layout.jade"
[0mGET /js/bootstrap.min.js [33m404 [0m59.788 ms - 2628[0m
[]
Warning: missing space before text for line 36 of jade file "/home/falcon_donovan_gmail_com/mercasawebnode/views/layout.jade"
Warning: missing space before text for line 38 of jade file "/home/falcon_donovan_gmail_com/mercasawebnode/views/layout.jade"
[0mGET / [36m304 [0m88.558 ms - -[0m
[0mGET /stylesheets/bootstrap.min.css [36m304 [0m1.804 ms - -[0m
[0mGET /stylesheets/mercasa_nav.css [36m304 [0m1.415 ms - -[0m
Warning: missing space before text for line 36 of jade file "/home/falcon_donovan_gmail_com/mercasawebnode/views/layout.jade"
Warning: missing space before text for line 38 of jade file "/home/falcon_donovan_gmail_com/mercasawebnode/views/layout.jade"
[0mGET /js/bootstrap.min.js [33m404 [0m51.086 ms - 2628[0m
[]
Warning: missing space before text for line 36 of jade file "/home/falcon_donovan_gmail_com/mercasawebnode/views/layout.jade"
Warning: missing space before text for line 38 of jade file "/home/falcon_donovan_gmail_com/mercasawebnode/views/layout.jade"
[0mGET / [36m304 [0m59.896 ms - -[0m
[0mGET /stylesheets/bootstrap.min.css [36m304 [0m1.075 ms - -[0m
[0mGET /stylesheets/mercasa_nav.css [36m304 [0m0.950 ms - -[0m
Warning: missing space before text for line 36 of jade file "/home/falcon_donovan_gmail_com/mercasawebnode/views/layout.jade"
Warning: missing space before text for line 38 of jade file "/home/falcon_donovan_gmail_com/mercasawebnode/views/layout.jade"
[0mGET /js/bootstrap.min.js [33m404 [0m43.237 ms - 2628[0m
[0mGET /cgi-bin/authLogin.cgi [32m- [0m- ms - -[0m
Warning: missing space before text for line 36 of jade file "/home/falcon_donovan_gmail_com/mercasawebnode/views/layout.jade"
Warning: missing space before text for line 38 of jade file "/home/falcon_donovan_gmail_com/mercasawebnode/views/layout.jade"
[]
Warning: missing space before text for line 36 of jade file "/home/falcon_donovan_gmail_com/mercasawebnode/views/layout.jade"
Warning: missing space before text for line 38 of jade file "/home/falcon_donovan_gmail_com/mercasawebnode/views/layout.jade"
[0mGET / [32m200 [0m41.541 ms - 1742[0m
Warning: missing space before text for line 36 of jade file "/home/falcon_donovan_gmail_com/mercasawebnode/views/layout.jade"
Warning: missing space before text for line 38 of jade file "/home/falcon_donovan_gmail_com/mercasawebnode/views/layout.jade"
[0mGET /cgi-bin/index.cgi [33m404 [0m31.775 ms - 2628[0m
[0mGET /cgi-bin/authLogin.cgi [32m- [0m- ms - -[0m
Warning: missing space before text for line 36 of jade file "/home/falcon_donovan_gmail_com/mercasawebnode/views/layout.jade"
Warning: missing space before text for line 38 of jade file "/home/falcon_donovan_gmail_com/mercasawebnode/views/layout.jade"
[]
Warning: missing space before text for line 36 of jade file "/home/falcon_donovan_gmail_com/mercasawebnode/views/layout.jade"
Warning: missing space before text for line 38 of jade file "/home/falcon_donovan_gmail_com/mercasawebnode/views/layout.jade"
[0mGET / [32m200 [0m52.701 ms - 1742[0m
Warning: missing space before text for line 36 of jade file "/home/falcon_donovan_gmail_com/mercasawebnode/views/layout.jade"
Warning: missing space before text for line 38 of jade file "/home/falcon_donovan_gmail_com/mercasawebnode/views/layout.jade"
[0mGET /tmUnblock.cgi [33m404 [0m32.676 ms - 2628[0m
[]
Warning: missing space before text for line 36 of jade file "/home/falcon_donovan_gmail_com/mercasawebnode/views/layout.jade"
Warning: missing space before text for line 38 of jade file "/home/falcon_donovan_gmail_com/mercasawebnode/views/layout.jade"
[0mGET / [32m200 [0m72.221 ms - 1742[0m
[0mGET /stylesheets/mercasa_nav.css [32m200 [0m12.787 ms - 700[0m
Warning: missing space before text for line 36 of jade file "/home/falcon_donovan_gmail_com/mercasawebnode/views/layout.jade"
Warning: missing space before text for line 38 of jade file "/home/falcon_donovan_gmail_com/mercasawebnode/views/layout.jade"
[0mGET /js/bootstrap.min.js [33m404 [0m39.078 ms - 2628[0m
[0mGET /stylesheets/bootstrap.min.css [32m200 [0m270.581 ms - 117150[0m
[0mGET /cgi-bin/authLogin.cgi [32m- [0m- ms - -[0m
Warning: missing space before text for line 36 of jade file "/home/falcon_donovan_gmail_com/mercasawebnode/views/layout.jade"
Warning: missing space before text for line 38 of jade file "/home/falcon_donovan_gmail_com/mercasawebnode/views/layout.jade"
Warning: missing space before text for line 36 of jade file "/home/falcon_donovan_gmail_com/mercasawebnode/views/layout.jade"
Warning: missing space before text for line 38 of jade file "/home/falcon_donovan_gmail_com/mercasawebnode/views/layout.jade"
[0mGET /cgi-bin/index.cgi [33m404 [0m56.442 ms - 2628[0m
Warning: missing space before text for line 36 of jade file "/home/falcon_donovan_gmail_com/mercasawebnode/views/layout.jade"
Warning: missing space before text for line 38 of jade file "/home/falcon_donovan_gmail_com/mercasawebnode/views/layout.jade"
[0mGET /cgi-bin/index.cgi [33m404 [0m35.605 ms - 2628[0m
[0mGET /cgi-bin/authLogin.cgi [32m- [0m- ms - -[0m
Warning: missing space before text for line 36 of jade file "/home/falcon_donovan_gmail_com/mercasawebnode/views/layout.jade"
Warning: missing space before text for line 38 of jade file "/home/falcon_donovan_gmail_com/mercasawebnode/views/layout.jade"
[0mGET /cgi-bin/authLogin.cgi [32m- [0m- ms - -[0m
Warning: missing space before text for line 36 of jade file "/home/falcon_donovan_gmail_com/mercasawebnode/views/layout.jade"
Warning: missing space before text for line 38 of jade file "/home/falcon_donovan_gmail_com/mercasawebnode/views/layout.jade"
[]
Warning: missing space before text for line 36 of jade file "/home/falcon_donovan_gmail_com/mercasawebnode/views/layout.jade"
Warning: missing space before text for line 38 of jade file "/home/falcon_donovan_gmail_com/mercasawebnode/views/layout.jade"
[0mHEAD / [32m200 [0m40.857 ms - 1742[0m
Warning: missing space before text for line 36 of jade file "/home/falcon_donovan_gmail_com/mercasawebnode/views/layout.jade"
Warning: missing space before text for line 38 of jade file "/home/falcon_donovan_gmail_com/mercasawebnode/views/layout.jade"
[0mGET /cgi-bin/index.cgi [33m404 [0m32.463 ms - 2628[0m
Warning: missing space before text for line 36 of jade file "/home/falcon_donovan_gmail_com/mercasawebnode/views/layout.jade"
Warning: missing space before text for line 38 of jade file "/home/falcon_donovan_gmail_com/mercasawebnode/views/layout.jade"
[0mGET /cgi-bin/index.cgi [33m404 [0m135.291 ms - 2628[0m
Warning: missing space before text for line 36 of jade file "/home/falcon_donovan_gmail_com/mercasawebnode/views/layout.jade"
Warning: missing space before text for line 38 of jade file "/home/falcon_donovan_gmail_com/mercasawebnode/views/layout.jade"
[0mGET /cgi-bin/index.cgi [33m404 [0m30.981 ms - 2628[0m
[]
Warning: missing space before text for line 36 of jade file "/home/falcon_donovan_gmail_com/mercasawebnode/views/layout.jade"
Warning: missing space before text for line 38 of jade file "/home/falcon_donovan_gmail_com/mercasawebnode/views/layout.jade"
[0mHEAD / [32m200 [0m118.239 ms - 1742[0m
[0mGET /cgi-bin/authLogin.cgi [32m- [0m- ms - -[0m
Warning: missing space before text for line 36 of jade file "/home/falcon_donovan_gmail_com/mercasawebnode/views/layout.jade"
Warning: missing space before text for line 38 of jade file "/home/falcon_donovan_gmail_com/mercasawebnode/views/layout.jade"
[0mGET /cgi-bin/authLogin.cgi [32m- [0m- ms - -[0m
Warning: missing space before text for line 36 of jade file "/home/falcon_donovan_gmail_com/mercasawebnode/views/layout.jade"
Warning: missing space before text for line 38 of jade file "/home/falcon_donovan_gmail_com/mercasawebnode/views/layout.jade"
[0mGET /cgi-bin/authLogin.cgi [32m- [0m- ms - -[0m
Warning: missing space before text for line 36 of jade file "/home/falcon_donovan_gmail_com/mercasawebnode/views/layout.jade"
Warning: missing space before text for line 38 of jade file "/home/falcon_donovan_gmail_com/mercasawebnode/views/layout.jade"
Warning: missing space before text for line 36 of jade file "/home/falcon_donovan_gmail_com/mercasawebnode/views/layout.jade"
Warning: missing space before text for line 38 of jade file "/home/falcon_donovan_gmail_com/mercasawebnode/views/layout.jade"
[0mGET /manager/html [33m404 [0m31.963 ms - 2628[0m
[]
Warning: missing space before text for line 36 of jade file "/home/falcon_donovan_gmail_com/mercasawebnode/views/layout.jade"
Warning: missing space before text for line 38 of jade file "/home/falcon_donovan_gmail_com/mercasawebnode/views/layout.jade"
[0mGET / [32m200 [0m44.446 ms - 1742[0m
[0mGET /cgi-bin/authLogin.cgi [32m- [0m- ms - -[0m
Warning: missing space before text for line 36 of jade file "/home/falcon_donovan_gmail_com/mercasawebnode/views/layout.jade"
Warning: missing space before text for line 38 of jade file "/home/falcon_donovan_gmail_com/mercasawebnode/views/layout.jade"
[]
Warning: missing space before text for line 36 of jade file "/home/falcon_donovan_gmail_com/mercasawebnode/views/layout.jade"
Warning: missing space before text for line 38 of jade file "/home/falcon_donovan_gmail_com/mercasawebnode/views/layout.jade"
[0mGET / [32m200 [0m38.498 ms - 1742[0m
[0mHEAD / [32m- [0m- ms - -[0m
[]
Warning: missing space before text for line 36 of jade file "/home/falcon_donovan_gmail_com/mercasawebnode/views/layout.jade"
Warning: missing space before text for line 38 of jade file "/home/falcon_donovan_gmail_com/mercasawebnode/views/layout.jade"
[0mGET /cgi-bin/authLogin.cgi [32m- [0m- ms - -[0m
Warning: missing space before text for line 36 of jade file "/home/falcon_donovan_gmail_com/mercasawebnode/views/layout.jade"
Warning: missing space before text for line 38 of jade file "/home/falcon_donovan_gmail_com/mercasawebnode/views/layout.jade"
[0mGET /cgi-bin/authLogin.cgi [32m- [0m- ms - -[0m
Warning: missing space before text for line 36 of jade file "/home/falcon_donovan_gmail_com/mercasawebnode/views/layout.jade"
Warning: missing space before text for line 38 of jade file "/home/falcon_donovan_gmail_com/mercasawebnode/views/layout.jade"
[0mGET /cgi-bin/authLogin.cgi [32m- [0m- ms - -[0m
Warning: missing space before text for line 36 of jade file "/home/falcon_donovan_gmail_com/mercasawebnode/views/layout.jade"
Warning: missing space before text for line 38 of jade file "/home/falcon_donovan_gmail_com/mercasawebnode/views/layout.jade"
[0mGET /cgi-bin/authLogin.cgi [32m- [0m- ms - -[0m
Warning: missing space before text for line 36 of jade file "/home/falcon_donovan_gmail_com/mercasawebnode/views/layout.jade"
Warning: missing space before text for line 38 of jade file "/home/falcon_donovan_gmail_com/mercasawebnode/views/layout.jade"
Warning: missing space before text for line 36 of jade file "/home/falcon_donovan_gmail_com/mercasawebnode/views/layout.jade"
Warning: missing space before text for line 38 of jade file "/home/falcon_donovan_gmail_com/mercasawebnode/views/layout.jade"
[0mGET http://testp1.piwo.pila.pl/testproxy.php [33m404 [0m45.556 ms - 2628[0m
[]
Warning: missing space before text for line 36 of jade file "/home/falcon_donovan_gmail_com/mercasawebnode/views/layout.jade"
Warning: missing space before text for line 38 of jade file "/home/falcon_donovan_gmail_com/mercasawebnode/views/layout.jade"
[0mHEAD / [32m200 [0m38.558 ms - 1742[0m
[]
Warning: missing space before text for line 36 of jade file "/home/falcon_donovan_gmail_com/mercasawebnode/views/layout.jade"
Warning: missing space before text for line 38 of jade file "/home/falcon_donovan_gmail_com/mercasawebnode/views/layout.jade"
[0mGET / [32m200 [0m68.667 ms - 1742[0m
Warning: missing space before text for line 36 of jade file "/home/falcon_donovan_gmail_com/mercasawebnode/views/layout.jade"
Warning: missing space before text for line 38 of jade file "/home/falcon_donovan_gmail_com/mercasawebnode/views/layout.jade"
[0mGET /rom-0 [33m404 [0m23.953 ms - 2628[0m
Warning: missing space before text for line 36 of jade file "/home/falcon_donovan_gmail_com/mercasawebnode/views/layout.jade"
Warning: missing space before text for line 38 of jade file "/home/falcon_donovan_gmail_com/mercasawebnode/views/layout.jade"
[0mGET /manager/html [33m404 [0m25.019 ms - 2628[0m
[]
Warning: missing space before text for line 36 of jade file "/home/falcon_donovan_gmail_com/mercasawebnode/views/layout.jade"
Warning: missing space before text for line 38 of jade file "/home/falcon_donovan_gmail_com/mercasawebnode/views/layout.jade"
[0mGET / [32m200 [0m37.105 ms - 1742[0m
[0mGET /cgi-bin/authLogin.cgi [32m- [0m- ms - -[0m
Warning: missing space before text for line 36 of jade file "/home/falcon_donovan_gmail_com/mercasawebnode/views/layout.jade"
Warning: missing space before text for line 38 of jade file "/home/falcon_donovan_gmail_com/mercasawebnode/views/layout.jade"
[0mGET /cgi-bin/authLogin.cgi [32m- [0m- ms - -[0m
Warning: missing space before text for line 36 of jade file "/home/falcon_donovan_gmail_com/mercasawebnode/views/layout.jade"
Warning: missing space before text for line 38 of jade file "/home/falcon_donovan_gmail_com/mercasawebnode/views/layout.jade"
[0mGET /cgi-bin/authLogin.cgi [32m- [0m- ms - -[0m
Warning: missing space before text for line 36 of jade file "/home/falcon_donovan_gmail_com/mercasawebnode/views/layout.jade"
Warning: missing space before text for line 38 of jade file "/home/falcon_donovan_gmail_com/mercasawebnode/views/layout.jade"
[0mGET /cgi-bin/authLogin.cgi [32m- [0m- ms - -[0m
Warning: missing space before text for line 36 of jade file "/home/falcon_donovan_gmail_com/mercasawebnode/views/layout.jade"
Warning: missing space before text for line 38 of jade file "/home/falcon_donovan_gmail_com/mercasawebnode/views/layout.jade"
[0mGET /cgi-bin/authLogin.cgi [32m- [0m- ms - -[0m
Warning: missing space before text for line 36 of jade file "/home/falcon_donovan_gmail_com/mercasawebnode/views/layout.jade"
Warning: missing space before text for line 38 of jade file "/home/falcon_donovan_gmail_com/mercasawebnode/views/layout.jade"
[]
Warning: missing space before text for line 36 of jade file "/home/falcon_donovan_gmail_com/mercasawebnode/views/layout.jade"
Warning: missing space before text for line 38 of jade file "/home/falcon_donovan_gmail_com/mercasawebnode/views/layout.jade"
[0mGET / [32m200 [0m39.846 ms - 1742[0m
[0mGET /cgi-bin/authLogin.cgi [32m- [0m- ms - -[0m
Warning: missing space before text for line 36 of jade file "/home/falcon_donovan_gmail_com/mercasawebnode/views/layout.jade"
Warning: missing space before text for line 38 of jade file "/home/falcon_donovan_gmail_com/mercasawebnode/views/layout.jade"
[0mGET /cgi-bin/authLogin.cgi [32m- [0m- ms - -[0m
Warning: missing space before text for line 36 of jade file "/home/falcon_donovan_gmail_com/mercasawebnode/views/layout.jade"
Warning: missing space before text for line 38 of jade file "/home/falcon_donovan_gmail_com/mercasawebnode/views/layout.jade"
Warning: missing space before text for line 36 of jade file "/home/falcon_donovan_gmail_com/mercasawebnode/views/layout.jade"
Warning: missing space before text for line 38 of jade file "/home/falcon_donovan_gmail_com/mercasawebnode/views/layout.jade"
[0mGET http://pl.wikipedia.org/wiki/Special:Search?search=&go=Go [33m404 [0m30.132 ms - 2628[0m
[0mGET /cgi-bin/authLogin.cgi [32m- [0m- ms - -[0m
Warning: missing space before text for line 36 of jade file "/home/falcon_donovan_gmail_com/mercasawebnode/views/layout.jade"
Warning: missing space before text for line 38 of jade file "/home/falcon_donovan_gmail_com/mercasawebnode/views/layout.jade"
[0mGET /cgi-bin/authLogin.cgi [32m- [0m- ms - -[0m
Warning: missing space before text for line 36 of jade file "/home/falcon_donovan_gmail_com/mercasawebnode/views/layout.jade"
Warning: missing space before text for line 38 of jade file "/home/falcon_donovan_gmail_com/mercasawebnode/views/layout.jade"
[]
Warning: missing space before text for line 36 of jade file "/home/falcon_donovan_gmail_com/mercasawebnode/views/layout.jade"
Warning: missing space before text for line 38 of jade file "/home/falcon_donovan_gmail_com/mercasawebnode/views/layout.jade"
[0mGET / [36m304 [0m36.928 ms - -[0m
[0mGET /stylesheets/bootstrap.min.css [36m304 [0m16.867 ms - -[0m
[0mGET /stylesheets/mercasa_nav.css [36m304 [0m0.808 ms - -[0m
Warning: missing space before text for line 36 of jade file "/home/falcon_donovan_gmail_com/mercasawebnode/views/layout.jade"
Warning: missing space before text for line 38 of jade file "/home/falcon_donovan_gmail_com/mercasawebnode/views/layout.jade"
[0mGET /js/bootstrap.min.js [33m404 [0m31.211 ms - 2628[0m
[0mGET /cgi-bin/authLogin.cgi [32m- [0m- ms - -[0m
Warning: missing space before text for line 36 of jade file "/home/falcon_donovan_gmail_com/mercasawebnode/views/layout.jade"
Warning: missing space before text for line 38 of jade file "/home/falcon_donovan_gmail_com/mercasawebnode/views/layout.jade"
Warning: missing space before text for line 36 of jade file "/home/falcon_donovan_gmail_com/mercasawebnode/views/layout.jade"
Warning: missing space before text for line 38 of jade file "/home/falcon_donovan_gmail_com/mercasawebnode/views/layout.jade"
[0mGET http://pl.wikipedia.org/wiki/Special:Search?search=&go=Go [33m404 [0m38.424 ms - 2628[0m
